Gramática

    0 $accept: calculo $end

    1 calculo: calculo expr T_ENTER
    2        | ε

    3 expr: expr T_MAIS expr
    4     | expr T_MENOS expr
    5     | expr T_MULT expr
    6     | expr T_DIV expr
    7     | T_ABRE expr T_FECHA
    8     | T_NUM


Terminais, com as regras onde eles aparecem

    $end (0) 0
    error (256)
    T_ENTER (258) 1
    T_MAIS (259) 3
    T_MENOS (260) 4
    T_MULT (261) 5
    T_DIV (262) 6
    T_ABRE (263) 7
    T_FECHA (264) 7
    T_NUM (265) 8


Não terminais com as regras onde eles aparecem

    $accept (11)
        à esquerda: 0
    calculo (12)
        à esquerda: 1 2
        à direita: 0 1
    expr (13)
        à esquerda: 3 4 5 6 7 8
        à direita: 1 3 4 5 6 7


Estado 0

    0 $accept: • calculo $end

    $padrão  reduzir usando a regra 2 (calculo)

    calculo  ir ao estado 1


Estado 1

    0 $accept: calculo • $end
    1 calculo: calculo • expr T_ENTER

    $end    deslocar, e ir ao estado 2
    T_ABRE  deslocar, e ir ao estado 3
    T_NUM   deslocar, e ir ao estado 4

    expr  ir ao estado 5


Estado 2

    0 $accept: calculo $end •

    $padrão  aceitar


Estado 3

    7 expr: T_ABRE • expr T_FECHA

    T_ABRE  deslocar, e ir ao estado 3
    T_NUM   deslocar, e ir ao estado 4

    expr  ir ao estado 6


Estado 4

    8 expr: T_NUM •

    $padrão  reduzir usando a regra 8 (expr)


Estado 5

    1 calculo: calculo expr • T_ENTER
    3 expr: expr • T_MAIS expr
    4     | expr • T_MENOS expr
    5     | expr • T_MULT expr
    6     | expr • T_DIV expr

    T_ENTER  deslocar, e ir ao estado 7
    T_MAIS   deslocar, e ir ao estado 8
    T_MENOS  deslocar, e ir ao estado 9
    T_MULT   deslocar, e ir ao estado 10
    T_DIV    deslocar, e ir ao estado 11


Estado 6

    3 expr: expr • T_MAIS expr
    4     | expr • T_MENOS expr
    5     | expr • T_MULT expr
    6     | expr • T_DIV expr
    7     | T_ABRE expr • T_FECHA

    T_MAIS   deslocar, e ir ao estado 8
    T_MENOS  deslocar, e ir ao estado 9
    T_MULT   deslocar, e ir ao estado 10
    T_DIV    deslocar, e ir ao estado 11
    T_FECHA  deslocar, e ir ao estado 12


Estado 7

    1 calculo: calculo expr T_ENTER •

    $padrão  reduzir usando a regra 1 (calculo)


Estado 8

    3 expr: expr T_MAIS • expr

    T_ABRE  deslocar, e ir ao estado 3
    T_NUM   deslocar, e ir ao estado 4

    expr  ir ao estado 13


Estado 9

    4 expr: expr T_MENOS • expr

    T_ABRE  deslocar, e ir ao estado 3
    T_NUM   deslocar, e ir ao estado 4

    expr  ir ao estado 14


Estado 10

    5 expr: expr T_MULT • expr

    T_ABRE  deslocar, e ir ao estado 3
    T_NUM   deslocar, e ir ao estado 4

    expr  ir ao estado 15


Estado 11

    6 expr: expr T_DIV • expr

    T_ABRE  deslocar, e ir ao estado 3
    T_NUM   deslocar, e ir ao estado 4

    expr  ir ao estado 16


Estado 12

    7 expr: T_ABRE expr T_FECHA •

    $padrão  reduzir usando a regra 7 (expr)


Estado 13

    3 expr: expr • T_MAIS expr
    3     | expr T_MAIS expr •
    4     | expr • T_MENOS expr
    5     | expr • T_MULT expr
    6     | expr • T_DIV expr

    T_MULT  deslocar, e ir ao estado 10
    T_DIV   deslocar, e ir ao estado 11

    $padrão  reduzir usando a regra 3 (expr)


Estado 14

    3 expr: expr • T_MAIS expr
    4     | expr • T_MENOS expr
    4     | expr T_MENOS expr •
    5     | expr • T_MULT expr
    6     | expr • T_DIV expr

    T_MULT  deslocar, e ir ao estado 10
    T_DIV   deslocar, e ir ao estado 11

    $padrão  reduzir usando a regra 4 (expr)


Estado 15

    3 expr: expr • T_MAIS expr
    4     | expr • T_MENOS expr
    5     | expr • T_MULT expr
    5     | expr T_MULT expr •
    6     | expr • T_DIV expr

    $padrão  reduzir usando a regra 5 (expr)


Estado 16

    3 expr: expr • T_MAIS expr
    4     | expr • T_MENOS expr
    5     | expr • T_MULT expr
    6     | expr • T_DIV expr
    6     | expr T_DIV expr •

    $padrão  reduzir usando a regra 6 (expr)
