Grammar

    0 $accept: calculo $end

    1 calculo: calculo expr T_ENTER
    2        | ε

    3 expr: expr T_MAIS expr
    4     | expr T_MENOS expr
    5     | expr T_MULT expr
    6     | expr T_DIV expr
    7     | T_ABRE expr T_FECHA
    8     | T_NUM


Terminals, with rules where they appear

    $end (0) 0
    error (256)
    T_ENTER (258) 1
    T_MAIS (259) 3
    T_MENOS (260) 4
    T_MULT (261) 5
    T_DIV (262) 6
    T_ABRE (263) 7
    T_FECHA (264) 7
    T_NUM (265) 8


Nonterminals, with rules where they appear

    $accept (11)
        on left: 0
    calculo (12)
        on left: 1 2
        on right: 0 1
    expr (13)
        on left: 3 4 5 6 7 8
        on right: 1 3 4 5 6 7


State 0

    0 $accept: • calculo $end

    $default  reduce using rule 2 (calculo)

    calculo  go to state 1


State 1

    0 $accept: calculo • $end
    1 calculo: calculo • expr T_ENTER

    $end    shift, and go to state 2
    T_ABRE  shift, and go to state 3
    T_NUM   shift, and go to state 4

    expr  go to state 5


State 2

    0 $accept: calculo $end •

    $default  accept


State 3

    7 expr: T_ABRE • expr T_FECHA

    T_ABRE  shift, and go to state 3
    T_NUM   shift, and go to state 4

    expr  go to state 6


State 4

    8 expr: T_NUM •

    $default  reduce using rule 8 (expr)


State 5

    1 calculo: calculo expr • T_ENTER
    3 expr: expr • T_MAIS expr
    4     | expr • T_MENOS expr
    5     | expr • T_MULT expr
    6     | expr • T_DIV expr

    T_ENTER  shift, and go to state 7
    T_MAIS   shift, and go to state 8
    T_MENOS  shift, and go to state 9
    T_MULT   shift, and go to state 10
    T_DIV    shift, and go to state 11


State 6

    3 expr: expr • T_MAIS expr
    4     | expr • T_MENOS expr
    5     | expr • T_MULT expr
    6     | expr • T_DIV expr
    7     | T_ABRE expr • T_FECHA

    T_MAIS   shift, and go to state 8
    T_MENOS  shift, and go to state 9
    T_MULT   shift, and go to state 10
    T_DIV    shift, and go to state 11
    T_FECHA  shift, and go to state 12


State 7

    1 calculo: calculo expr T_ENTER •

    $default  reduce using rule 1 (calculo)


State 8

    3 expr: expr T_MAIS • expr

    T_ABRE  shift, and go to state 3
    T_NUM   shift, and go to state 4

    expr  go to state 13


State 9

    4 expr: expr T_MENOS • expr

    T_ABRE  shift, and go to state 3
    T_NUM   shift, and go to state 4

    expr  go to state 14


State 10

    5 expr: expr T_MULT • expr

    T_ABRE  shift, and go to state 3
    T_NUM   shift, and go to state 4

    expr  go to state 15


State 11

    6 expr: expr T_DIV • expr

    T_ABRE  shift, and go to state 3
    T_NUM   shift, and go to state 4

    expr  go to state 16


State 12

    7 expr: T_ABRE expr T_FECHA •

    $default  reduce using rule 7 (expr)


State 13

    3 expr: expr • T_MAIS expr
    3     | expr T_MAIS expr •
    4     | expr • T_MENOS expr
    5     | expr • T_MULT expr
    6     | expr • T_DIV expr

    T_MULT  shift, and go to state 10
    T_DIV   shift, and go to state 11

    $default  reduce using rule 3 (expr)


State 14

    3 expr: expr • T_MAIS expr
    4     | expr • T_MENOS expr
    4     | expr T_MENOS expr •
    5     | expr • T_MULT expr
    6     | expr • T_DIV expr

    T_MULT  shift, and go to state 10
    T_DIV   shift, and go to state 11

    $default  reduce using rule 4 (expr)


State 15

    3 expr: expr • T_MAIS expr
    4     | expr • T_MENOS expr
    5     | expr • T_MULT expr
    5     | expr T_MULT expr •
    6     | expr • T_DIV expr

    $default  reduce using rule 5 (expr)


State 16

    3 expr: expr • T_MAIS expr
    4     | expr • T_MENOS expr
    5     | expr • T_MULT expr
    6     | expr • T_DIV expr
    6     | expr T_DIV expr •

    $default  reduce using rule 6 (expr)
